Copyright 1986-2020 Xilinx, Inc. All Rights Reserved.
-------------------------------------------------------------------------------------------------------------------------------------------------------------------
| Tool Version     : Vivado v.2020.2 (win64) Build 3064766 Wed Nov 18 09:12:45 MST 2020
| Date             : Thu May 19 22:02:01 2022
| Host             : DESKTOP-3JGF4VF running 64-bit major release  (build 9200)
| Command          : report_power -file hydro_spartan_7_power_routed.rpt -pb hydro_spartan_7_power_summary_routed.pb -rpx hydro_spartan_7_power_routed.rpx
| Design           : hydro_spartan_7
| Device           : xc7s50ftgb196-2
| Design State     : routed
| Grade            : commercial
| Process          : typical
| Characterization : Production
-------------------------------------------------------------------------------------------------------------------------------------------------------------------

Power Report

Table of Contents
-----------------
1. Summary
1.1 On-Chip Components
1.2 Power Supply Summary
1.3 Confidence Level
2. Settings
2.1 Environment
2.2 Clock Constraints
3. Detailed Reports
3.1 By Hierarchy

1. Summary
----------

+--------------------------+--------------+
| Total On-Chip Power (W)  | 0.389        |
| Design Power Budget (W)  | Unspecified* |
| Power Budget Margin (W)  | NA           |
| Dynamic (W)              | 0.314        |
| Device Static (W)        | 0.075        |
| Effective TJA (C/W)      | 3.3          |
| Max Ambient (C)          | 83.7         |
| Junction Temperature (C) | 26.3         |
| Confidence Level         | Low          |
| Setting File             | ---          |
| Simulation Activity File | ---          |
| Design Nets Matched      | NA           |
+--------------------------+--------------+
* Specify Design Power Budget using, set_operating_conditions -design_power_budget <value in Watts>


1.1 On-Chip Components
----------------------

+--------------------------+-----------+----------+-----------+-----------------+
| On-Chip                  | Power (W) | Used     | Available | Utilization (%) |
+--------------------------+-----------+----------+-----------+-----------------+
| Clocks                   |     0.020 |       12 |       --- |             --- |
| Slice Logic              |     0.013 |    26866 |       --- |             --- |
|   LUT as Logic           |     0.011 |     9922 |     32600 |           30.44 |
|   CARRY4                 |     0.001 |     1484 |      8150 |           18.21 |
|   Register               |    <0.001 |    11926 |     65200 |           18.29 |
|   LUT as Distributed RAM |    <0.001 |       80 |      9600 |            0.83 |
|   LUT as Shift Register  |    <0.001 |      286 |      9600 |            2.98 |
|   F7/F8 Muxes            |    <0.001 |      109 |     32600 |            0.33 |
|   Others                 |    <0.001 |      976 |       --- |             --- |
| Signals                  |     0.018 |    19436 |       --- |             --- |
| Block RAM                |     0.017 |     60.5 |        75 |           80.67 |
| MMCM                     |     0.104 |        1 |         5 |           20.00 |
| PLL                      |     0.125 |        1 |         5 |           20.00 |
| DSPs                     |     0.005 |       25 |       120 |           20.83 |
| I/O                      |     0.012 |       37 |       100 |           37.00 |
| Static Power             |     0.075 |          |           |                 |
| Total                    |     0.389 |          |           |                 |
+--------------------------+-----------+----------+-----------+-----------------+


1.2 Power Supply Summary
------------------------

+-----------+-------------+-----------+-------------+------------+-------------+-------------+------------+
| Source    | Voltage (V) | Total (A) | Dynamic (A) | Static (A) | Powerup (A) | Budget (A)  | Margin (A) |
+-----------+-------------+-----------+-------------+------------+-------------+-------------+------------+
| Vccint    |       1.000 |     0.097 |       0.085 |      0.012 |       NA    | Unspecified | NA         |
| Vccaux    |       1.800 |     0.133 |       0.120 |      0.013 |       NA    | Unspecified | NA         |
| Vcco33    |       3.300 |     0.004 |       0.003 |      0.001 |       NA    | Unspecified | NA         |
| Vcco25    |       2.500 |     0.000 |       0.000 |      0.000 |       NA    | Unspecified | NA         |
| Vcco18    |       1.800 |     0.000 |       0.000 |      0.000 |       NA    | Unspecified | NA         |
| Vcco15    |       1.500 |     0.000 |       0.000 |      0.000 |       NA    | Unspecified | NA         |
| Vcco135   |       1.350 |     0.000 |       0.000 |      0.000 |       NA    | Unspecified | NA         |
| Vcco12    |       1.200 |     0.000 |       0.000 |      0.000 |       NA    | Unspecified | NA         |
| Vccaux_io |       1.800 |     0.000 |       0.000 |      0.000 |       NA    | Unspecified | NA         |
| Vccbram   |       1.000 |     0.003 |       0.001 |      0.002 |       NA    | Unspecified | NA         |
| Vccadc    |       1.800 |     0.020 |       0.000 |      0.020 |       NA    | Unspecified | NA         |
+-----------+-------------+-----------+-------------+------------+-------------+-------------+------------+


1.3 Confidence Level
--------------------

+-----------------------------+------------+--------------------------------------------------------+------------------------------------------------------------------------------------------------------------+
| User Input Data             | Confidence | Details                                                | Action                                                                                                     |
+-----------------------------+------------+--------------------------------------------------------+------------------------------------------------------------------------------------------------------------+
| Design implementation state | High       | Design is routed                                       |                                                                                                            |
| Clock nodes activity        | High       | User specified more than 95% of clocks                 |                                                                                                            |
| I/O nodes activity          | Low        | More than 75% of inputs are missing user specification | Provide missing input activity with simulation results or by editing the "By Resource Type -> I/Os" view   |
| Internal nodes activity     | Medium     | User specified less than 25% of internal nodes         | Provide missing internal nodes activity with simulation results or by editing the "By Resource Type" views |
| Device models               | High       | Device models are Production                           |                                                                                                            |
|                             |            |                                                        |                                                                                                            |
| Overall confidence level    | Low        |                                                        |                                                                                                            |
+-----------------------------+------------+--------------------------------------------------------+------------------------------------------------------------------------------------------------------------+


2. Settings
-----------

2.1 Environment
---------------

+-----------------------+--------------------------+
| Ambient Temp (C)      | 25.0                     |
| ThetaJA (C/W)         | 3.3                      |
| Airflow (LFM)         | 250                      |
| Heat Sink             | medium (Medium Profile)  |
| ThetaSA (C/W)         | 15.4                     |
| Board Selection       | medium (10"x10")         |
| # of Board Layers     | 12to15 (12 to 15 Layers) |
| Board Temperature (C) | 25.0                     |
+-----------------------+--------------------------+


2.2 Clock Constraints
---------------------

+-------------------------------------------------------------------------+-----------------------------------------------------------------------+-----------------+
| Clock                                                                   | Domain                                                                | Constraint (ns) |
+-------------------------------------------------------------------------+-----------------------------------------------------------------------+-----------------+
| FPGA_system/mb_system_i/mdm_1/U0/Use_E2.BSCAN_I/Use_E2.BSCANE2_I/DRCK   | FPGA_system/mb_system_i/mdm_1/U0/Use_E2.BSCAN_I/DRCK                  |            33.3 |
| FPGA_system/mb_system_i/mdm_1/U0/Use_E2.BSCAN_I/Use_E2.BSCANE2_I/UPDATE | FPGA_system/mb_system_i/mdm_1/U0/Use_E2.BSCAN_I/Dbg_Update_0          |            33.3 |
| clk_in                                                                  | clk_in                                                                |            83.3 |
| clk_out1_mb_system_clk_wiz_0_0_1                                        | FPGA_system/mb_system_i/clk_wiz_0/inst/clk_out1_mb_system_clk_wiz_0_0 |            39.1 |
| clk_out1_mb_system_clk_wiz_1_1                                          | FPGA_system/mb_system_i/clk_wiz_1/inst/clk_out1                       |            10.0 |
| clk_out1_mb_system_clk_wiz_1_1                                          | FPGA_system/mb_system_i/clk_wiz_1/inst/clk_out1_mb_system_clk_wiz_1_1 |            10.0 |
| clk_out2_mb_system_clk_wiz_1_1                                          | FPGA_system/mb_system_i/clk_wiz_1/inst/clk_out2_mb_system_clk_wiz_1_1 |            20.0 |
| clk_out3_mb_system_clk_wiz_1_1                                          | FPGA_system/mb_system_i/clk_wiz_1/inst/clk_out3_mb_system_clk_wiz_1_1 |           100.0 |
| clkfbout_mb_system_clk_wiz_0_0_1                                        | FPGA_system/mb_system_i/clk_wiz_0/inst/clkfbout_mb_system_clk_wiz_0_0 |            50.0 |
| clkfbout_mb_system_clk_wiz_1_1                                          | FPGA_system/mb_system_i/clk_wiz_1/inst/clkfbout_mb_system_clk_wiz_1_1 |            83.3 |
+-------------------------------------------------------------------------+-----------------------------------------------------------------------+-----------------+


3. Detailed Reports
-------------------

3.1 By Hierarchy
----------------

+---------------------------------+-----------+
| Name                            | Power (W) |
+---------------------------------+-----------+
| hydro_spartan_7                 |     0.314 |
|   FPGA_system                   |     0.274 |
|     mb_system_i                 |     0.274 |
|       Parameter_Module          |     0.001 |
|       axi_quad_spi_0            |     0.005 |
|       clk_wiz_0                 |     0.125 |
|       clk_wiz_1                 |     0.104 |
|       microblaze_0              |     0.022 |
|       microblaze_0_local_memory |     0.013 |
|   PhaseHydrophones              |     0.026 |
|     u_Calcul_Direction          |     0.001 |
|     u_FFTs                      |     0.023 |
|       u_FFT_Hydro_1             |     0.006 |
|       u_FFT_Hydro_2             |     0.006 |
|       u_FFT_Hydro_3             |     0.006 |
|       u_FFT_Hydro_Ref           |     0.006 |
|     u_SNR_Check                 |     0.001 |
+---------------------------------+-----------+


