Copyright 1986-2020 Xilinx, Inc. All Rights Reserved.
---------------------------------------------------------------------------------------------
| Tool Version : Vivado v.2020.2 (win64) Build 3064766 Wed Nov 18 09:12:45 MST 2020
| Date         : Sat Jan 15 13:47:30 2022
| Host         : DESKTOP-3JGF4VF running 64-bit major release  (build 9200)
| Command      : report_clock_utilization -file hydro_spartan_7_clock_utilization_routed.rpt
| Design       : hydro_spartan_7
| Device       : 7s50-ftgb196
| Speed File   : -2  PRODUCTION 1.23 2018-06-13
| Design State : Routed
---------------------------------------------------------------------------------------------

Clock Utilization Report

Table of Contents
-----------------
1. Clock Primitive Utilization
2. Global Clock Resources
3. Global Clock Source Details
4. Clock Regions: Key Resource Utilization
5. Clock Regions : Global Clock Summary
6. Device Cell Placement Summary for Global Clock g0
7. Device Cell Placement Summary for Global Clock g1
8. Device Cell Placement Summary for Global Clock g2
9. Device Cell Placement Summary for Global Clock g3
10. Device Cell Placement Summary for Global Clock g4
11. Device Cell Placement Summary for Global Clock g5
12. Device Cell Placement Summary for Global Clock g6
13. Device Cell Placement Summary for Global Clock g7
14. Clock Region Cell Placement per Global Clock: Region X0Y0
15. Clock Region Cell Placement per Global Clock: Region X1Y0
16. Clock Region Cell Placement per Global Clock: Region X0Y1
17. Clock Region Cell Placement per Global Clock: Region X1Y1
18. Clock Region Cell Placement per Global Clock: Region X0Y2
19. Clock Region Cell Placement per Global Clock: Region X1Y2

1. Clock Primitive Utilization
------------------------------

+----------+------+-----------+-----+--------------+--------+
| Type     | Used | Available | LOC | Clock Region | Pblock |
+----------+------+-----------+-----+--------------+--------+
| BUFGCTRL |    8 |        32 |   0 |            0 |      0 |
| BUFH     |    0 |        72 |   0 |            0 |      0 |
| BUFIO    |    0 |        20 |   0 |            0 |      0 |
| BUFMR    |    0 |        10 |   0 |            0 |      0 |
| BUFR     |    0 |        20 |   0 |            0 |      0 |
| MMCM     |    1 |         5 |   0 |            0 |      0 |
| PLL      |    1 |         5 |   0 |            0 |      0 |
+----------+------+-----------+-----+--------------+--------+


2. Global Clock Resources
-------------------------

+-----------+-----------+-----------------+------------+---------------+--------------+-------------------+-------------+-----------------+--------------+-------------------------------------------------------------------------+----------------------------------------------------------------------------------+---------------------------------------------------------------------------+
| Global Id | Source Id | Driver Type/Pin | Constraint | Site          | Clock Region | Load Clock Region | Clock Loads | Non-Clock Loads | Clock Period | Clock                                                                   | Driver Pin                                                                       | Net                                                                       |
+-----------+-----------+-----------------+------------+---------------+--------------+-------------------+-------------+-----------------+--------------+-------------------------------------------------------------------------+----------------------------------------------------------------------------------+---------------------------------------------------------------------------+
| g0        | src0      | BUFG/O          | None       | BUFGCTRL_X0Y1 | n/a          |                 5 |       14435 |               0 |      100.000 | clk_out3_mb_system_clk_wiz_1_1                                          | FPGA_system/mb_system_i/clk_wiz_1/inst/clkout3_buf/O                             | FPGA_system/mb_system_i/clk_wiz_1/inst/clk_out3                           |
| g1        | src1      | BUFG/O          | None       | BUFGCTRL_X0Y2 | n/a          |                 5 |        2452 |               0 |       10.000 | clk_out1_mb_system_clk_wiz_1_1                                          | FPGA_system/mb_system_i/clk_wiz_1/inst/clkout1_buf/O                             | FPGA_system/mb_system_i/clk_wiz_1/inst/clk_out1                           |
| g2        | src2      | BUFG/O          | None       | BUFGCTRL_X0Y0 | n/a          |                 5 |         483 |               0 |       20.000 | clk_out2_mb_system_clk_wiz_1_1                                          | FPGA_system/mb_system_i/clk_wiz_1/inst/clkout2_buf/O                             | FPGA_system/mb_system_i/clk_wiz_1/inst/clk_out2                           |
| g3        | src3      | BUFG/O          | None       | BUFGCTRL_X0Y3 | n/a          |                 2 |         245 |               0 |       33.333 | FPGA_system/mb_system_i/mdm_1/U0/Use_E2.BSCAN_I/Use_E2.BSCANE2_I/DRCK   | FPGA_system/mb_system_i/mdm_1/U0/No_Dbg_Reg_Access.BUFG_DRCK/Using_FPGA.Native/O | FPGA_system/mb_system_i/mdm_1/U0/No_Dbg_Reg_Access.BUFG_DRCK/Dbg_Clk_0    |
| g4        | src4      | BUFG/O          | None       | BUFGCTRL_X0Y4 | n/a          |                 1 |          38 |               1 |       33.333 | FPGA_system/mb_system_i/mdm_1/U0/Use_E2.BSCAN_I/Use_E2.BSCANE2_I/UPDATE | FPGA_system/mb_system_i/mdm_1/U0/Use_E2.BSCAN_I/Dbg_Update_0_BUFG_inst/O         | FPGA_system/mb_system_i/mdm_1/U0/Use_E2.BSCAN_I/Dbg_Update_0_BUFG         |
| g5        | src5      | BUFG/O          | None       | BUFGCTRL_X0Y5 | n/a          |                 1 |           8 |               0 |       39.063 | clk_out1_mb_system_clk_wiz_0_0_1                                        | FPGA_system/mb_system_i/clk_wiz_0/inst/clkout1_buf/O                             | FPGA_system/mb_system_i/clk_wiz_0/inst/clk_out1                           |
| g6        | src6      | BUFG/O          | None       | BUFGCTRL_X0Y6 | n/a          |                 1 |           1 |               0 |       50.000 | clkfbout_mb_system_clk_wiz_0_0_1                                        | FPGA_system/mb_system_i/clk_wiz_0/inst/clkf_buf/O                                | FPGA_system/mb_system_i/clk_wiz_0/inst/clkfbout_buf_mb_system_clk_wiz_0_0 |
| g7        | src7      | BUFG/O          | None       | BUFGCTRL_X0Y7 | n/a          |                 1 |           1 |               0 |       83.333 | clkfbout_mb_system_clk_wiz_1_1                                          | FPGA_system/mb_system_i/clk_wiz_1/inst/clkf_buf/O                                | FPGA_system/mb_system_i/clk_wiz_1/inst/clkfbout_buf_mb_system_clk_wiz_1_1 |
+-----------+-----------+-----------------+------------+---------------+--------------+-------------------+-------------+-----------------+--------------+-------------------------------------------------------------------------+----------------------------------------------------------------------------------+---------------------------------------------------------------------------+
* Clock Loads column represents the clock pin loads (pin count)
** Non-Clock Loads column represents the non-clock pin loads (pin count)


3. Global Clock Source Details
------------------------------

+-----------+-----------+---------------------+------------+-----------------+--------------+-------------+-----------------+---------------------+-------------------------------------------------------------------------+-------------------------------------------------------------------------+-----------------------------------------------------------------------+
| Source Id | Global Id | Driver Type/Pin     | Constraint | Site            | Clock Region | Clock Loads | Non-Clock Loads | Source Clock Period | Source Clock                                                            | Driver Pin                                                              | Net                                                                   |
+-----------+-----------+---------------------+------------+-----------------+--------------+-------------+-----------------+---------------------+-------------------------------------------------------------------------+-------------------------------------------------------------------------+-----------------------------------------------------------------------+
| src0      | g0        | MMCME2_ADV/CLKOUT2  | None       | MMCME2_ADV_X0Y0 | X0Y0         |           1 |               0 |             100.000 | clk_out3_mb_system_clk_wiz_1_1                                          | FPGA_system/mb_system_i/clk_wiz_1/inst/mmcm_adv_inst/CLKOUT2            | FPGA_system/mb_system_i/clk_wiz_1/inst/clk_out3_mb_system_clk_wiz_1_1 |
| src1      | g1        | MMCME2_ADV/CLKOUT0  | None       | MMCME2_ADV_X0Y0 | X0Y0         |           1 |               0 |              10.000 | clk_out1_mb_system_clk_wiz_1_1                                          | FPGA_system/mb_system_i/clk_wiz_1/inst/mmcm_adv_inst/CLKOUT0            | FPGA_system/mb_system_i/clk_wiz_1/inst/clk_out1_mb_system_clk_wiz_1_1 |
| src2      | g2        | MMCME2_ADV/CLKOUT1  | None       | MMCME2_ADV_X0Y0 | X0Y0         |           1 |               0 |              20.000 | clk_out2_mb_system_clk_wiz_1_1                                          | FPGA_system/mb_system_i/clk_wiz_1/inst/mmcm_adv_inst/CLKOUT1            | FPGA_system/mb_system_i/clk_wiz_1/inst/clk_out2_mb_system_clk_wiz_1_1 |
| src3      | g3        | BSCANE2/DRCK        | None       | BSCAN_X0Y1      | X0Y0         |           1 |               0 |              33.333 | FPGA_system/mb_system_i/mdm_1/U0/Use_E2.BSCAN_I/Use_E2.BSCANE2_I/DRCK   | FPGA_system/mb_system_i/mdm_1/U0/Use_E2.BSCAN_I/Use_E2.BSCANE2_I/DRCK   | FPGA_system/mb_system_i/mdm_1/U0/Use_E2.BSCAN_I/DRCK                  |
| src4      | g4        | BSCANE2/UPDATE      | None       | BSCAN_X0Y1      | X0Y0         |           1 |               0 |              33.333 | FPGA_system/mb_system_i/mdm_1/U0/Use_E2.BSCAN_I/Use_E2.BSCANE2_I/UPDATE | FPGA_system/mb_system_i/mdm_1/U0/Use_E2.BSCAN_I/Use_E2.BSCANE2_I/UPDATE | FPGA_system/mb_system_i/mdm_1/U0/Use_E2.BSCAN_I/Dbg_Update_0          |
| src5      | g5        | PLLE2_ADV/CLKOUT0   | None       | PLLE2_ADV_X1Y0  | X1Y0         |           1 |               0 |              39.063 | clk_out1_mb_system_clk_wiz_0_0_1                                        | FPGA_system/mb_system_i/clk_wiz_0/inst/plle2_adv_inst/CLKOUT0           | FPGA_system/mb_system_i/clk_wiz_0/inst/clk_out1_mb_system_clk_wiz_0_0 |
| src6      | g6        | PLLE2_ADV/CLKFBOUT  | None       | PLLE2_ADV_X1Y0  | X1Y0         |           1 |               0 |              50.000 | clkfbout_mb_system_clk_wiz_0_0_1                                        | FPGA_system/mb_system_i/clk_wiz_0/inst/plle2_adv_inst/CLKFBOUT          | FPGA_system/mb_system_i/clk_wiz_0/inst/clkfbout_mb_system_clk_wiz_0_0 |
| src7      | g7        | MMCME2_ADV/CLKFBOUT | None       | MMCME2_ADV_X0Y0 | X0Y0         |           1 |               0 |              83.333 | clkfbout_mb_system_clk_wiz_1_1                                          | FPGA_system/mb_system_i/clk_wiz_1/inst/mmcm_adv_inst/CLKFBOUT           | FPGA_system/mb_system_i/clk_wiz_1/inst/clkfbout_mb_system_clk_wiz_1_1 |
+-----------+-----------+---------------------+------------+-----------------+--------------+-------------+-----------------+---------------------+-------------------------------------------------------------------------+-------------------------------------------------------------------------+-----------------------------------------------------------------------+
* Clock Loads column represents the clock pin loads (pin count)
** Non-Clock Loads column represents the non-clock pin loads (pin count)


4. Clock Regions: Key Resource Utilization
------------------------------------------

+-------------------+--------------+--------------+--------------+--------------+--------------+--------------+--------------+--------------+--------------+--------------+--------------+--------------+--------------+--------------+--------------+
|                   | Global Clock |     BUFRs    |    BUFMRs    |    BUFIOs    |     MMCM     |      PLL     |      GT      |      PCI     |    ILOGIC    |    OLOGIC    |      FF      |     LUTM     |    RAMB18    |    RAMB36    |    DSP48E2   |
+-------------------+------+-------+------+-------+------+-------+------+-------+------+-------+------+-------+------+-------+------+-------+------+-------+------+-------+------+-------+------+-------+------+-------+------+-------+------+-------+
| Clock Region Name | Used | Avail | Used | Avail | Used | Avail | Used | Avail | Used | Avail | Used | Avail | Used | Avail | Used | Avail | Used | Avail | Used | Avail | Used | Avail | Used | Avail | Used | Avail | Used | Avail | Used | Avail |
+-------------------+------+-------+------+-------+------+-------+------+-------+------+-------+------+-------+------+-------+------+-------+------+-------+------+-------+------+-------+------+-------+------+-------+------+-------+------+-------+
| X0Y0              |    3 |    12 |    0 |     4 |    0 |     2 |    0 |     4 |    1 |     1 |    0 |     1 |    0 |     0 |    0 |     0 |    4 |    50 |    0 |    50 | 3543 |  1200 | 1351 |   400 |    4 |    20 |    0 |    10 |   12 |    20 |
| X1Y0              |    4 |    12 |    0 |     4 |    0 |     2 |    0 |     4 |    0 |     1 |    1 |     1 |    0 |     0 |    0 |     0 |    0 |    50 |    0 |    50 | 4035 |  1500 | 1307 |   450 |    4 |    40 |    0 |    20 |   16 |    20 |
| X0Y1              |    4 |    12 |    0 |     4 |    0 |     2 |    0 |     4 |    0 |     1 |    0 |     1 |    0 |     0 |    0 |     0 |    0 |    50 |    0 |    50 | 3771 |  1200 | 1378 |   400 |    1 |    20 |    6 |    10 |    6 |    20 |
| X1Y1              |    4 |    12 |    0 |     4 |    0 |     2 |    0 |     4 |    0 |     1 |    0 |     1 |    0 |     0 |    0 |     0 |    0 |    50 |    0 |    50 | 3873 |  1500 | 1210 |   450 |    2 |    40 |   16 |    20 |    5 |    20 |
| X0Y2              |    4 |    12 |    0 |     4 |    0 |     2 |    0 |     4 |    0 |     1 |    0 |     1 |    0 |     0 |    0 |     0 |    0 |    50 |    0 |    50 | 1345 |  1800 |  219 |   400 |    0 |    20 |    8 |    10 |    3 |    20 |
| X1Y2              |    2 |    12 |    0 |     0 |    0 |     0 |    0 |     0 |    0 |     0 |    0 |     0 |    0 |     4 |    0 |     1 |    0 |     0 |    0 |     0 |  340 |   950 |   91 |   300 |    0 |    10 |    2 |     5 |    0 |    20 |
+-------------------+------+-------+------+-------+------+-------+------+-------+------+-------+------+-------+------+-------+------+-------+------+-------+------+-------+------+-------+------+-------+------+-------+------+-------+------+-------+
* Global Clock column represents track count; while other columns represents cell counts


5. Clock Regions : Global Clock Summary
---------------------------------------

All Modules
+----+----+----+
|    | X0 | X1 |
+----+----+----+
| Y2 |  4 |  2 |
| Y1 |  4 |  4 |
| Y0 |  3 |  4 |
+----+----+----+


6. Device Cell Placement Summary for Global Clock g0
----------------------------------------------------

+-----------+-----------------+-------------------+--------------------------------+-------------+----------------+-------------+----------+----------------+----------+-------------------------------------------------+
| Global Id | Driver Type/Pin | Driver Region (D) | Clock                          | Period (ns) | Waveform (ns)  | Slice Loads | IO Loads | Clocking Loads | GT Loads | Net                                             |
+-----------+-----------------+-------------------+--------------------------------+-------------+----------------+-------------+----------+----------------+----------+-------------------------------------------------+
| g0        | BUFG/O          | n/a               | clk_out3_mb_system_clk_wiz_1_1 |     100.000 | {0.000 50.000} |       14411 |        0 |              0 |        0 | FPGA_system/mb_system_i/clk_wiz_1/inst/clk_out3 |
+-----------+-----------------+-------------------+--------------------------------+-------------+----------------+-------------+----------+----------------+----------+-------------------------------------------------+
* Slice Loads column represents load cell count of all cell types other than IO, GT and clock resources
** IO Loads column represents load cell count of IO types
*** Clocking Loads column represents load cell count that are clock resources (global clock buffer, MMCM, PLL, etc)
**** GT Loads column represents load cell count of GT types


+----+-------+-------+-----------------------+
|    | X0    | X1    | HORIZONTAL PROG DELAY |
+----+-------+-------+-----------------------+
| Y2 |     0 |    42 |                     0 |
| Y1 |  2790 |  3794 |                     0 |
| Y0 |  3716 |  4069 |                     0 |
+----+-------+-------+-----------------------+


7. Device Cell Placement Summary for Global Clock g1
----------------------------------------------------

+-----------+-----------------+-------------------+--------------------------------+-------------+---------------+-------------+----------+----------------+----------+-------------------------------------------------+
| Global Id | Driver Type/Pin | Driver Region (D) | Clock                          | Period (ns) | Waveform (ns) | Slice Loads | IO Loads | Clocking Loads | GT Loads | Net                                             |
+-----------+-----------------+-------------------+--------------------------------+-------------+---------------+-------------+----------+----------------+----------+-------------------------------------------------+
| g1        | BUFG/O          | n/a               | clk_out1_mb_system_clk_wiz_1_1 |      10.000 | {0.000 5.000} |        2401 |        0 |              1 |        0 | FPGA_system/mb_system_i/clk_wiz_1/inst/clk_out1 |
+-----------+-----------------+-------------------+--------------------------------+-------------+---------------+-------------+----------+----------------+----------+-------------------------------------------------+
* Slice Loads column represents load cell count of all cell types other than IO, GT and clock resources
** IO Loads column represents load cell count of IO types
*** Clocking Loads column represents load cell count that are clock resources (global clock buffer, MMCM, PLL, etc)
**** GT Loads column represents load cell count of GT types


+----+-------+------+-----------------------+
|    | X0    | X1   | HORIZONTAL PROG DELAY |
+----+-------+------+-----------------------+
| Y2 |  1193 |  301 |                     0 |
| Y1 |   831 |   76 |                     0 |
| Y0 |     0 |    1 |                     0 |
+----+-------+------+-----------------------+


8. Device Cell Placement Summary for Global Clock g2
----------------------------------------------------

+-----------+-----------------+-------------------+--------------------------------+-------------+----------------+-------------+----------+----------------+----------+-------------------------------------------------+
| Global Id | Driver Type/Pin | Driver Region (D) | Clock                          | Period (ns) | Waveform (ns)  | Slice Loads | IO Loads | Clocking Loads | GT Loads | Net                                             |
+-----------+-----------------+-------------------+--------------------------------+-------------+----------------+-------------+----------+----------------+----------+-------------------------------------------------+
| g2        | BUFG/O          | n/a               | clk_out2_mb_system_clk_wiz_1_1 |      20.000 | {0.000 10.000} |         481 |        0 |              0 |        0 | FPGA_system/mb_system_i/clk_wiz_1/inst/clk_out2 |
+-----------+-----------------+-------------------+--------------------------------+-------------+----------------+-------------+----------+----------------+----------+-------------------------------------------------+
* Slice Loads column represents load cell count of all cell types other than IO, GT and clock resources
** IO Loads column represents load cell count of IO types
*** Clocking Loads column represents load cell count that are clock resources (global clock buffer, MMCM, PLL, etc)
**** GT Loads column represents load cell count of GT types


+----+------+------+-----------------------+
|    | X0   | X1   | HORIZONTAL PROG DELAY |
+----+------+------+-----------------------+
| Y2 |    7 |    0 |                     0 |
| Y1 |  244 |   90 |                     0 |
| Y0 |    4 |  136 |                     0 |
+----+------+------+-----------------------+


9. Device Cell Placement Summary for Global Clock g3
----------------------------------------------------

+-----------+-----------------+-------------------+-----------------------------------------------------------------------+-------------+----------------+-------------+----------+----------------+----------+------------------------------------------------------------------------+
| Global Id | Driver Type/Pin | Driver Region (D) | Clock                                                                 | Period (ns) | Waveform (ns)  | Slice Loads | IO Loads | Clocking Loads | GT Loads | Net                                                                    |
+-----------+-----------------+-------------------+-----------------------------------------------------------------------+-------------+----------------+-------------+----------+----------------+----------+------------------------------------------------------------------------+
| g3        | BUFG/O          | n/a               | FPGA_system/mb_system_i/mdm_1/U0/Use_E2.BSCAN_I/Use_E2.BSCANE2_I/DRCK |      33.333 | {0.000 16.667} |         245 |        0 |              0 |        0 | FPGA_system/mb_system_i/mdm_1/U0/No_Dbg_Reg_Access.BUFG_DRCK/Dbg_Clk_0 |
+-----------+-----------------+-------------------+-----------------------------------------------------------------------+-------------+----------------+-------------+----------+----------------+----------+------------------------------------------------------------------------+
* Slice Loads column represents load cell count of all cell types other than IO, GT and clock resources
** IO Loads column represents load cell count of IO types
*** Clocking Loads column represents load cell count that are clock resources (global clock buffer, MMCM, PLL, etc)
**** GT Loads column represents load cell count of GT types


+----+------+----+-----------------------+
|    | X0   | X1 | HORIZONTAL PROG DELAY |
+----+------+----+-----------------------+
| Y2 |  219 |  0 |                     0 |
| Y1 |   26 |  0 |                     0 |
| Y0 |    0 |  0 |                     0 |
+----+------+----+-----------------------+


10. Device Cell Placement Summary for Global Clock g4
-----------------------------------------------------

+-----------+-----------------+-------------------+-------------------------------------------------------------------------+-------------+----------------+-------------+----------+----------------+----------+-------------------------------------------------------------------+
| Global Id | Driver Type/Pin | Driver Region (D) | Clock                                                                   | Period (ns) | Waveform (ns)  | Slice Loads | IO Loads | Clocking Loads | GT Loads | Net                                                               |
+-----------+-----------------+-------------------+-------------------------------------------------------------------------+-------------+----------------+-------------+----------+----------------+----------+-------------------------------------------------------------------+
| g4        | BUFG/O          | n/a               | FPGA_system/mb_system_i/mdm_1/U0/Use_E2.BSCAN_I/Use_E2.BSCANE2_I/UPDATE |      33.333 | {0.000 16.667} |          39 |        0 |              0 |        0 | FPGA_system/mb_system_i/mdm_1/U0/Use_E2.BSCAN_I/Dbg_Update_0_BUFG |
+-----------+-----------------+-------------------+-------------------------------------------------------------------------+-------------+----------------+-------------+----------+----------------+----------+-------------------------------------------------------------------+
* Slice Loads column represents load cell count of all cell types other than IO, GT and clock resources
** IO Loads column represents load cell count of IO types
*** Clocking Loads column represents load cell count that are clock resources (global clock buffer, MMCM, PLL, etc)
**** GT Loads column represents load cell count of GT types


+----+-----+----+-----------------------+
|    | X0  | X1 | HORIZONTAL PROG DELAY |
+----+-----+----+-----------------------+
| Y2 |  39 |  0 |                     0 |
| Y1 |   0 |  0 |                     0 |
| Y0 |   0 |  0 |                     0 |
+----+-----+----+-----------------------+


11. Device Cell Placement Summary for Global Clock g5
-----------------------------------------------------

+-----------+-----------------+-------------------+----------------------------------+-------------+----------------+-------------+----------+----------------+----------+-------------------------------------------------+
| Global Id | Driver Type/Pin | Driver Region (D) | Clock                            | Period (ns) | Waveform (ns)  | Slice Loads | IO Loads | Clocking Loads | GT Loads | Net                                             |
+-----------+-----------------+-------------------+----------------------------------+-------------+----------------+-------------+----------+----------------+----------+-------------------------------------------------+
| g5        | BUFG/O          | n/a               | clk_out1_mb_system_clk_wiz_0_0_1 |      39.063 | {0.000 19.531} |           8 |        0 |              0 |        0 | FPGA_system/mb_system_i/clk_wiz_0/inst/clk_out1 |
+-----------+-----------------+-------------------+----------------------------------+-------------+----------------+-------------+----------+----------------+----------+-------------------------------------------------+
* Slice Loads column represents load cell count of all cell types other than IO, GT and clock resources
** IO Loads column represents load cell count of IO types
*** Clocking Loads column represents load cell count that are clock resources (global clock buffer, MMCM, PLL, etc)
**** GT Loads column represents load cell count of GT types


+----+----+----+-----------------------+
|    | X0 | X1 | HORIZONTAL PROG DELAY |
+----+----+----+-----------------------+
| Y2 |  0 |  0 |                     0 |
| Y1 |  0 |  8 |                     0 |
| Y0 |  0 |  0 |                     0 |
+----+----+----+-----------------------+


12. Device Cell Placement Summary for Global Clock g6
-----------------------------------------------------

+-----------+-----------------+-------------------+----------------------------------+-------------+----------------+-------------+----------+----------------+----------+---------------------------------------------------------------------------+
| Global Id | Driver Type/Pin | Driver Region (D) | Clock                            | Period (ns) | Waveform (ns)  | Slice Loads | IO Loads | Clocking Loads | GT Loads | Net                                                                       |
+-----------+-----------------+-------------------+----------------------------------+-------------+----------------+-------------+----------+----------------+----------+---------------------------------------------------------------------------+
| g6        | BUFG/O          | n/a               | clkfbout_mb_system_clk_wiz_0_0_1 |      50.000 | {0.000 25.000} |           0 |        0 |              1 |        0 | FPGA_system/mb_system_i/clk_wiz_0/inst/clkfbout_buf_mb_system_clk_wiz_0_0 |
+-----------+-----------------+-------------------+----------------------------------+-------------+----------------+-------------+----------+----------------+----------+---------------------------------------------------------------------------+
* Slice Loads column represents load cell count of all cell types other than IO, GT and clock resources
** IO Loads column represents load cell count of IO types
*** Clocking Loads column represents load cell count that are clock resources (global clock buffer, MMCM, PLL, etc)
**** GT Loads column represents load cell count of GT types


+----+----+----+-----------------------+
|    | X0 | X1 | HORIZONTAL PROG DELAY |
+----+----+----+-----------------------+
| Y2 |  0 |  0 |                     0 |
| Y1 |  0 |  0 |                     0 |
| Y0 |  0 |  1 |                     0 |
+----+----+----+-----------------------+


13. Device Cell Placement Summary for Global Clock g7
-----------------------------------------------------

+-----------+-----------------+-------------------+--------------------------------+-------------+----------------+-------------+----------+----------------+----------+---------------------------------------------------------------------------+
| Global Id | Driver Type/Pin | Driver Region (D) | Clock                          | Period (ns) | Waveform (ns)  | Slice Loads | IO Loads | Clocking Loads | GT Loads | Net                                                                       |
+-----------+-----------------+-------------------+--------------------------------+-------------+----------------+-------------+----------+----------------+----------+---------------------------------------------------------------------------+
| g7        | BUFG/O          | n/a               | clkfbout_mb_system_clk_wiz_1_1 |      83.333 | {0.000 41.667} |           0 |        0 |              1 |        0 | FPGA_system/mb_system_i/clk_wiz_1/inst/clkfbout_buf_mb_system_clk_wiz_1_1 |
+-----------+-----------------+-------------------+--------------------------------+-------------+----------------+-------------+----------+----------------+----------+---------------------------------------------------------------------------+
* Slice Loads column represents load cell count of all cell types other than IO, GT and clock resources
** IO Loads column represents load cell count of IO types
*** Clocking Loads column represents load cell count that are clock resources (global clock buffer, MMCM, PLL, etc)
**** GT Loads column represents load cell count of GT types


+----+----+----+-----------------------+
|    | X0 | X1 | HORIZONTAL PROG DELAY |
+----+----+----+-----------------------+
| Y2 |  0 |  0 |                     0 |
| Y1 |  0 |  0 |                     0 |
| Y0 |  1 |  0 |                     0 |
+----+----+----+-----------------------+


14. Clock Region Cell Placement per Global Clock: Region X0Y0
-------------------------------------------------------------

+-----------+-------+-----------------+------------+-------------+-----------------+------+--------+------+-----+----+------+-----+---------+---------------------------------------------------------------------------+
| Global Id | Track | Driver Type/Pin | Constraint | Clock Loads | Non-Clock Loads | FF   | LUTRAM | RAMB | DSP | GT | MMCM | PLL | Hard IP | Net                                                                       |
+-----------+-------+-----------------+------------+-------------+-----------------+------+--------+------+-----+----+------+-----+---------+---------------------------------------------------------------------------+
| g0        | n/a   | BUFG/O          | None       |        3716 |               0 | 3539 |    157 |    4 |  12 |  0 |    0 |   0 |       0 | FPGA_system/mb_system_i/clk_wiz_1/inst/clk_out3                           |
| g2        | n/a   | BUFG/O          | None       |           4 |               0 |    4 |      0 |    0 |   0 |  0 |    0 |   0 |       0 | FPGA_system/mb_system_i/clk_wiz_1/inst/clk_out2                           |
| g7        | n/a   | BUFG/O          | None       |           1 |               0 |    0 |      0 |    0 |   0 |  0 |    1 |   0 |       0 | FPGA_system/mb_system_i/clk_wiz_1/inst/clkfbout_buf_mb_system_clk_wiz_1_1 |
+-----------+-------+-----------------+------------+-------------+-----------------+------+--------+------+-----+----+------+-----+---------+---------------------------------------------------------------------------+
* Clock Loads column represents the clock pin loads (pin count)
** Non-Clock Loads column represents the non-clock pin loads (pin count)
*** Columns FF, LUTRAM, RAMB through 'Hard IP' represents load cell counts


15. Clock Region Cell Placement per Global Clock: Region X1Y0
-------------------------------------------------------------

+-----------+-------+-----------------+------------+-------------+-----------------+------+--------+------+-----+----+------+-----+---------+---------------------------------------------------------------------------+
| Global Id | Track | Driver Type/Pin | Constraint | Clock Loads | Non-Clock Loads | FF   | LUTRAM | RAMB | DSP | GT | MMCM | PLL | Hard IP | Net                                                                       |
+-----------+-------+-----------------+------------+-------------+-----------------+------+--------+------+-----+----+------+-----+---------+---------------------------------------------------------------------------+
| g0        | n/a   | BUFG/O          | None       |        4069 |               0 | 3903 |    138 |    4 |  16 |  0 |    0 |   0 |       0 | FPGA_system/mb_system_i/clk_wiz_1/inst/clk_out3                           |
| g1        | n/a   | BUFG/O          | None       |           1 |               0 |    0 |      0 |    0 |   0 |  0 |    0 |   1 |       0 | FPGA_system/mb_system_i/clk_wiz_1/inst/clk_out1                           |
| g2        | n/a   | BUFG/O          | None       |         136 |               0 |  132 |      0 |    0 |   0 |  0 |    0 |   0 |       0 | FPGA_system/mb_system_i/clk_wiz_1/inst/clk_out2                           |
| g6        | n/a   | BUFG/O          | None       |           1 |               0 |    0 |      0 |    0 |   0 |  0 |    0 |   1 |       0 | FPGA_system/mb_system_i/clk_wiz_0/inst/clkfbout_buf_mb_system_clk_wiz_0_0 |
+-----------+-------+-----------------+------------+-------------+-----------------+------+--------+------+-----+----+------+-----+---------+---------------------------------------------------------------------------+
* Clock Loads column represents the clock pin loads (pin count)
** Non-Clock Loads column represents the non-clock pin loads (pin count)
*** Columns FF, LUTRAM, RAMB through 'Hard IP' represents load cell counts


16. Clock Region Cell Placement per Global Clock: Region X0Y1
-------------------------------------------------------------

+-----------+-------+-----------------+------------+-------------+-----------------+------+--------+------+-----+----+------+-----+---------+------------------------------------------------------------------------+
| Global Id | Track | Driver Type/Pin | Constraint | Clock Loads | Non-Clock Loads | FF   | LUTRAM | RAMB | DSP | GT | MMCM | PLL | Hard IP | Net                                                                    |
+-----------+-------+-----------------+------------+-------------+-----------------+------+--------+------+-----+----+------+-----+---------+------------------------------------------------------------------------+
| g0        | n/a   | BUFG/O          | None       |        2790 |               0 | 2705 |     76 |    1 |   6 |  0 |    0 |   0 |       0 | FPGA_system/mb_system_i/clk_wiz_1/inst/clk_out3                        |
| g1        | n/a   | BUFG/O          | None       |         831 |               0 |  804 |     21 |    6 |   0 |  0 |    0 |   0 |       0 | FPGA_system/mb_system_i/clk_wiz_1/inst/clk_out1                        |
| g2        | n/a   | BUFG/O          | None       |         244 |               0 |  243 |      0 |    0 |   0 |  0 |    0 |   0 |       0 | FPGA_system/mb_system_i/clk_wiz_1/inst/clk_out2                        |
| g3        | n/a   | BUFG/O          | None       |          26 |               0 |   19 |      7 |    0 |   0 |  0 |    0 |   0 |       0 | FPGA_system/mb_system_i/mdm_1/U0/No_Dbg_Reg_Access.BUFG_DRCK/Dbg_Clk_0 |
+-----------+-------+-----------------+------------+-------------+-----------------+------+--------+------+-----+----+------+-----+---------+------------------------------------------------------------------------+
* Clock Loads column represents the clock pin loads (pin count)
** Non-Clock Loads column represents the non-clock pin loads (pin count)
*** Columns FF, LUTRAM, RAMB through 'Hard IP' represents load cell counts


17. Clock Region Cell Placement per Global Clock: Region X1Y1
-------------------------------------------------------------

+-----------+-------+-----------------+------------+-------------+-----------------+------+--------+------+-----+----+------+-----+---------+-------------------------------------------------+
| Global Id | Track | Driver Type/Pin | Constraint | Clock Loads | Non-Clock Loads | FF   | LUTRAM | RAMB | DSP | GT | MMCM | PLL | Hard IP | Net                                             |
+-----------+-------+-----------------+------------+-------------+-----------------+------+--------+------+-----+----+------+-----+---------+-------------------------------------------------+
| g0        | n/a   | BUFG/O          | None       |        3794 |               0 | 3715 |     69 |    2 |   5 |  0 |    0 |   0 |       0 | FPGA_system/mb_system_i/clk_wiz_1/inst/clk_out3 |
| g1        | n/a   | BUFG/O          | None       |          76 |               0 |   60 |      0 |   16 |   0 |  0 |    0 |   0 |       0 | FPGA_system/mb_system_i/clk_wiz_1/inst/clk_out1 |
| g2        | n/a   | BUFG/O          | None       |          90 |               0 |   90 |      0 |    0 |   0 |  0 |    0 |   0 |       0 | FPGA_system/mb_system_i/clk_wiz_1/inst/clk_out2 |
| g5        | n/a   | BUFG/O          | None       |           8 |               0 |    8 |      0 |    0 |   0 |  0 |    0 |   0 |       0 | FPGA_system/mb_system_i/clk_wiz_0/inst/clk_out1 |
+-----------+-------+-----------------+------------+-------------+-----------------+------+--------+------+-----+----+------+-----+---------+-------------------------------------------------+
* Clock Loads column represents the clock pin loads (pin count)
** Non-Clock Loads column represents the non-clock pin loads (pin count)
*** Columns FF, LUTRAM, RAMB through 'Hard IP' represents load cell counts


18. Clock Region Cell Placement per Global Clock: Region X0Y2
-------------------------------------------------------------

+-----------+-------+-----------------+------------+-------------+-----------------+------+--------+------+-----+----+------+-----+---------+------------------------------------------------------------------------+
| Global Id | Track | Driver Type/Pin | Constraint | Clock Loads | Non-Clock Loads | FF   | LUTRAM | RAMB | DSP | GT | MMCM | PLL | Hard IP | Net                                                                    |
+-----------+-------+-----------------+------------+-------------+-----------------+------+--------+------+-----+----+------+-----+---------+------------------------------------------------------------------------+
| g1        | n/a   | BUFG/O          | None       |        1193 |               0 | 1105 |     77 |    8 |   3 |  0 |    0 |   0 |       0 | FPGA_system/mb_system_i/clk_wiz_1/inst/clk_out1                        |
| g2        | n/a   | BUFG/O          | None       |           7 |               0 |    7 |      0 |    0 |   0 |  0 |    0 |   0 |       0 | FPGA_system/mb_system_i/clk_wiz_1/inst/clk_out2                        |
| g3        | n/a   | BUFG/O          | None       |         219 |               0 |  195 |     24 |    0 |   0 |  0 |    0 |   0 |       0 | FPGA_system/mb_system_i/mdm_1/U0/No_Dbg_Reg_Access.BUFG_DRCK/Dbg_Clk_0 |
| g4        | n/a   | BUFG/O          | None       |          38 |               1 |   38 |      0 |    0 |   0 |  0 |    0 |   0 |       0 | FPGA_system/mb_system_i/mdm_1/U0/Use_E2.BSCAN_I/Dbg_Update_0_BUFG      |
+-----------+-------+-----------------+------------+-------------+-----------------+------+--------+------+-----+----+------+-----+---------+------------------------------------------------------------------------+
* Clock Loads column represents the clock pin loads (pin count)
** Non-Clock Loads column represents the non-clock pin loads (pin count)
*** Columns FF, LUTRAM, RAMB through 'Hard IP' represents load cell counts


19. Clock Region Cell Placement per Global Clock: Region X1Y2
-------------------------------------------------------------

+-----------+-------+-----------------+------------+-------------+-----------------+-----+--------+------+-----+----+------+-----+---------+-------------------------------------------------+
| Global Id | Track | Driver Type/Pin | Constraint | Clock Loads | Non-Clock Loads | FF  | LUTRAM | RAMB | DSP | GT | MMCM | PLL | Hard IP | Net                                             |
+-----------+-------+-----------------+------------+-------------+-----------------+-----+--------+------+-----+----+------+-----+---------+-------------------------------------------------+
| g0        | n/a   | BUFG/O          | None       |          42 |               0 |  42 |      0 |    0 |   0 |  0 |    0 |   0 |       0 | FPGA_system/mb_system_i/clk_wiz_1/inst/clk_out3 |
| g1        | n/a   | BUFG/O          | None       |         301 |               0 | 298 |      1 |    2 |   0 |  0 |    0 |   0 |       0 | FPGA_system/mb_system_i/clk_wiz_1/inst/clk_out1 |
+-----------+-------+-----------------+------------+-------------+-----------------+-----+--------+------+-----+----+------+-----+---------+-------------------------------------------------+
* Clock Loads column represents the clock pin loads (pin count)
** Non-Clock Loads column represents the non-clock pin loads (pin count)
*** Columns FF, LUTRAM, RAMB through 'Hard IP' represents load cell counts



# Location of BUFG Primitives 
set_property LOC BUFGCTRL_X0Y4 [get_cells FPGA_system/mb_system_i/mdm_1/U0/Use_E2.BSCAN_I/Dbg_Update_0_BUFG_inst]
set_property LOC BUFGCTRL_X0Y3 [get_cells FPGA_system/mb_system_i/mdm_1/U0/No_Dbg_Reg_Access.BUFG_DRCK/Using_FPGA.Native]
set_property LOC BUFGCTRL_X0Y7 [get_cells FPGA_system/mb_system_i/clk_wiz_1/inst/clkf_buf]
set_property LOC BUFGCTRL_X0Y1 [get_cells FPGA_system/mb_system_i/clk_wiz_1/inst/clkout3_buf]
set_property LOC BUFGCTRL_X0Y0 [get_cells FPGA_system/mb_system_i/clk_wiz_1/inst/clkout2_buf]
set_property LOC BUFGCTRL_X0Y2 [get_cells FPGA_system/mb_system_i/clk_wiz_1/inst/clkout1_buf]
set_property LOC BUFGCTRL_X0Y6 [get_cells FPGA_system/mb_system_i/clk_wiz_0/inst/clkf_buf]
set_property LOC BUFGCTRL_X0Y5 [get_cells FPGA_system/mb_system_i/clk_wiz_0/inst/clkout1_buf]

# Location of IO Primitives which is load of clock spine

# Location of clock ports
set_property LOC IOB_X0Y24 [get_ports clk_in]

# Clock net "FPGA_system/mb_system_i/mdm_1/U0/Use_E2.BSCAN_I/Dbg_Update_0_BUFG" driven by instance "FPGA_system/mb_system_i/mdm_1/U0/Use_E2.BSCAN_I/Dbg_Update_0_BUFG_inst" located at site "BUFGCTRL_X0Y4"
#startgroup
create_pblock {CLKAG_FPGA_system/mb_system_i/mdm_1/U0/Use_E2.BSCAN_I/Dbg_Update_0_BUFG}
add_cells_to_pblock [get_pblocks  {CLKAG_FPGA_system/mb_system_i/mdm_1/U0/Use_E2.BSCAN_I/Dbg_Update_0_BUFG}] [get_cells -filter { PRIMITIVE_GROUP != I/O && IS_PRIMITIVE==1 && PRIMITIVE_LEVEL !=INTERNAL } -of_object [get_pins -filter {DIRECTION==IN} -of_objects [get_nets -hierarchical -filter {PARENT=="FPGA_system/mb_system_i/mdm_1/U0/Use_E2.BSCAN_I/Dbg_Update_0_BUFG"}]]]
resize_pblock [get_pblocks {CLKAG_FPGA_system/mb_system_i/mdm_1/U0/Use_E2.BSCAN_I/Dbg_Update_0_BUFG}] -add {CLOCKREGION_X0Y2:CLOCKREGION_X0Y2}
#endgroup

# Clock net "FPGA_system/mb_system_i/mdm_1/U0/No_Dbg_Reg_Access.BUFG_DRCK/Dbg_Clk_0" driven by instance "FPGA_system/mb_system_i/mdm_1/U0/No_Dbg_Reg_Access.BUFG_DRCK/Using_FPGA.Native" located at site "BUFGCTRL_X0Y3"
#startgroup
create_pblock {CLKAG_FPGA_system/mb_system_i/mdm_1/U0/No_Dbg_Reg_Access.BUFG_DRCK/Dbg_Clk_0}
add_cells_to_pblock [get_pblocks  {CLKAG_FPGA_system/mb_system_i/mdm_1/U0/No_Dbg_Reg_Access.BUFG_DRCK/Dbg_Clk_0}] [get_cells -filter { PRIMITIVE_GROUP != I/O && IS_PRIMITIVE==1 && PRIMITIVE_LEVEL !=INTERNAL } -of_object [get_pins -filter {DIRECTION==IN} -of_objects [get_nets -hierarchical -filter {PARENT=="FPGA_system/mb_system_i/mdm_1/U0/No_Dbg_Reg_Access.BUFG_DRCK/Dbg_Clk_0"}]]]
resize_pblock [get_pblocks {CLKAG_FPGA_system/mb_system_i/mdm_1/U0/No_Dbg_Reg_Access.BUFG_DRCK/Dbg_Clk_0}] -add {CLOCKREGION_X0Y1:CLOCKREGION_X0Y1 CLOCKREGION_X0Y2:CLOCKREGION_X0Y2}
#endgroup

# Clock net "FPGA_system/mb_system_i/clk_wiz_1/inst/clk_out3" driven by instance "FPGA_system/mb_system_i/clk_wiz_1/inst/clkout3_buf" located at site "BUFGCTRL_X0Y1"
#startgroup
create_pblock {CLKAG_FPGA_system/mb_system_i/clk_wiz_1/inst/clk_out3}
add_cells_to_pblock [get_pblocks  {CLKAG_FPGA_system/mb_system_i/clk_wiz_1/inst/clk_out3}] [get_cells -filter { PRIMITIVE_GROUP != I/O && IS_PRIMITIVE==1 && PRIMITIVE_LEVEL !=INTERNAL } -of_object [get_pins -filter {DIRECTION==IN} -of_objects [get_nets -hierarchical -filter {PARENT=="FPGA_system/mb_system_i/clk_wiz_1/inst/clk_out3"}]]]
resize_pblock [get_pblocks {CLKAG_FPGA_system/mb_system_i/clk_wiz_1/inst/clk_out3}] -add {CLOCKREGION_X0Y0:CLOCKREGION_X0Y0 CLOCKREGION_X0Y1:CLOCKREGION_X0Y1 CLOCKREGION_X1Y0:CLOCKREGION_X1Y0 CLOCKREGION_X1Y1:CLOCKREGION_X1Y1 CLOCKREGION_X1Y2:CLOCKREGION_X1Y2}
#endgroup

# Clock net "FPGA_system/mb_system_i/clk_wiz_1/inst/clk_out2" driven by instance "FPGA_system/mb_system_i/clk_wiz_1/inst/clkout2_buf" located at site "BUFGCTRL_X0Y0"
#startgroup
create_pblock {CLKAG_FPGA_system/mb_system_i/clk_wiz_1/inst/clk_out2}
add_cells_to_pblock [get_pblocks  {CLKAG_FPGA_system/mb_system_i/clk_wiz_1/inst/clk_out2}] [get_cells -filter { PRIMITIVE_GROUP != I/O && IS_PRIMITIVE==1 && PRIMITIVE_LEVEL !=INTERNAL } -of_object [get_pins -filter {DIRECTION==IN} -of_objects [get_nets -hierarchical -filter {PARENT=="FPGA_system/mb_system_i/clk_wiz_1/inst/clk_out2"}]]]
resize_pblock [get_pblocks {CLKAG_FPGA_system/mb_system_i/clk_wiz_1/inst/clk_out2}] -add {CLOCKREGION_X0Y0:CLOCKREGION_X0Y0 CLOCKREGION_X0Y1:CLOCKREGION_X0Y1 CLOCKREGION_X0Y2:CLOCKREGION_X0Y2 CLOCKREGION_X1Y0:CLOCKREGION_X1Y0 CLOCKREGION_X1Y1:CLOCKREGION_X1Y1}
#endgroup

# Clock net "FPGA_system/mb_system_i/clk_wiz_1/inst/clk_out1" driven by instance "FPGA_system/mb_system_i/clk_wiz_1/inst/clkout1_buf" located at site "BUFGCTRL_X0Y2"
#startgroup
create_pblock {CLKAG_FPGA_system/mb_system_i/clk_wiz_1/inst/clk_out1}
add_cells_to_pblock [get_pblocks  {CLKAG_FPGA_system/mb_system_i/clk_wiz_1/inst/clk_out1}] [get_cells -filter { PRIMITIVE_GROUP != I/O && IS_PRIMITIVE==1 && PRIMITIVE_LEVEL !=INTERNAL && NAME!=FPGA_system/mb_system_i/clk_wiz_0/inst/plle2_adv_inst} -of_object [get_pins -filter {DIRECTION==IN} -of_objects [get_nets -hierarchical -filter {PARENT=="FPGA_system/mb_system_i/clk_wiz_1/inst/clk_out1"}]]]
resize_pblock [get_pblocks {CLKAG_FPGA_system/mb_system_i/clk_wiz_1/inst/clk_out1}] -add {CLOCKREGION_X0Y1:CLOCKREGION_X0Y1 CLOCKREGION_X0Y2:CLOCKREGION_X0Y2 CLOCKREGION_X1Y1:CLOCKREGION_X1Y1 CLOCKREGION_X1Y2:CLOCKREGION_X1Y2}
#endgroup

# Clock net "FPGA_system/mb_system_i/clk_wiz_0/inst/clk_out1" driven by instance "FPGA_system/mb_system_i/clk_wiz_0/inst/clkout1_buf" located at site "BUFGCTRL_X0Y5"
#startgroup
create_pblock {CLKAG_FPGA_system/mb_system_i/clk_wiz_0/inst/clk_out1}
add_cells_to_pblock [get_pblocks  {CLKAG_FPGA_system/mb_system_i/clk_wiz_0/inst/clk_out1}] [get_cells -filter { PRIMITIVE_GROUP != I/O && IS_PRIMITIVE==1 && PRIMITIVE_LEVEL !=INTERNAL } -of_object [get_pins -filter {DIRECTION==IN} -of_objects [get_nets -hierarchical -filter {PARENT=="FPGA_system/mb_system_i/clk_wiz_0/inst/clk_out1"}]]]
resize_pblock [get_pblocks {CLKAG_FPGA_system/mb_system_i/clk_wiz_0/inst/clk_out1}] -add {CLOCKREGION_X1Y1:CLOCKREGION_X1Y1}
#endgroup
